make all --print-data-base --no-builtin-variables --no-builtin-rules --question
make: *** No rule to make target 'all'.  Stop.

# GNU Make 4.3
# Built for x86_64-pc-linux-gnu
# Copyright (C) 1988-2020 Free Software Foundation, Inc.
# License GPLv3+: GNU GPL version 3 or later <http://gnu.org/licenses/gpl.html>
# This is free software: you are free to change and redistribute it.
# There is NO WARRANTY, to the extent permitted by law.

# Make data base, printed on Tue Oct  4 10:24:13 2022

# Variables

# environment
GDK_BACKEND = x11
# environment
LC_ALL = C
# environment
NO_AT_BRIDGE = 1
# makefile (from 'Makefile', line 1)
CHAIN_URL = wss://spiritnet.kilt.io:443
# environment
GJS_DEBUG_OUTPUT = stderr
# environment
VSCODE_IPC_HOOK_EXTHOST = /run/user/1000/vscode-ipc-d42e57a8-47e1-407b-bf18-1914c8fb6cbc.sock
# environment
VSCODE_CWD = /home/trusch
# environment
CLOUDSDK_ROOT_DIR = /opt/google-cloud-sdk
# environment
NVM_DIR = /home/trusch/.nvm
# environment
GDM_LANG = en_US.UTF-8
# default
MAKE_COMMAND := make
# automatic
@D = $(patsubst %/,%,$(dir $@))
# environment
VSCODE_HANDLES_UNCAUGHT_ERRORS = true
# default
.VARIABLES := 
# environment
PWD = /home/trusch/Code/kiltctl
# automatic
%D = $(patsubst %/,%,$(dir $%))
# environment
LSCOLORS = Gxfxcxdxbxegedabagacad
# environment
MAIL = /var/spool/mail/trusch
# environment
XDG_DATA_DIRS = /home/trusch/.local/share/flatpak/exports/share:/var/lib/flatpak/exports/share:/usr/local/share/:/usr/share/
# environment
OLDPWD = /home/trusch
# automatic
^D = $(patsubst %/,%,$(dir $^))
# environment
VSCODE_LOG_STACK = false
# automatic
%F = $(notdir $%)
# environment
NVM_INC = /home/trusch/.nvm/versions/node/v16.13.2/include/node
# environment
VSCODE_CODE_CACHE_PATH = /home/trusch/.config/Code/CachedData/30d9c6cd9483b2cc586687151bcbcd635f373630
# environment
LANG = C
# environment
XAUTHORITY = /run/user/1000/.mutter-Xwaylandauth.OIAGT1
# default
.LOADED := 
# default
.INCLUDE_DIRS = /usr/include /usr/local/include /usr/include
# makefile
MAKEFLAGS = pqrR
# makefile
CURDIR := /home/trusch/Code/kiltctl
# environment
VSCODE_PIPE_LOGGING = true
# environment
APPLICATION_INSIGHTS_NO_DIAGNOSTIC_CHANNEL = 1
# automatic
*D = $(patsubst %/,%,$(dir $*))
# environment
BINARYEN_ROOT = /usr
# environment
MFLAGS = -pqrR
# environment
SSH_AUTH_SOCK = /run/user/1000/keyring/ssh
# default
.SHELLFLAGS := -c
# environment
NVM_BIN = /home/trusch/.nvm/versions/node/v16.13.2/bin
# environment
CLOUDSDK_PYTHON = /usr/bin/python
# environment
WAYLAND_DISPLAY = wayland-0
# automatic
+D = $(patsubst %/,%,$(dir $+))
# environment
XDG_SESSION_DESKTOP = gnome
# makefile (from 'Makefile', line 1)
MAKEFILE_LIST := Makefile
# automatic
@F = $(notdir $@)
# environment
ZSH = /home/trusch/.oh-my-zsh
# environment
VSCODE_VERBOSE_LOGGING = true
# environment
VSCODE_PID = 115207
# environment
XDG_SESSION_TYPE = wayland
# automatic
?D = $(patsubst %/,%,$(dir $?))
# environment
SESSION_MANAGER = local/buddy:@/tmp/.ICE-unix/112219,unix/buddy:/tmp/.ICE-unix/112219
# automatic
*F = $(notdir $*)
# environment
CHROME_DESKTOP = code-url-handler.desktop
# environment
DBUS_SESSION_BUS_ADDRESS = unix:path=/run/user/1000/bus
# automatic
<D = $(patsubst %/,%,$(dir $<))
# environment
VSCODE_NLS_CONFIG = {"locale":"en-us","availableLanguages":{},"_languagePackSupport":true}
# environment
ANDROID_SDK_ROOT = /opt/android-sdk
# default
MAKE_HOST := x86_64-pc-linux-gnu
# environment
ANDROID_HOME = /opt/android-sdk
# makefile
SHELL = /bin/sh
# default
MAKECMDGOALS := all
# environment
XMODIFIERS = @im=ibus
# environment
GJS_DEBUG_TOPICS = JS ERROR;JS LOG
# environment
SHLVL = 0
# environment
GOOGLE_CLOUD_SDK_HOME = /opt/google-cloud-sdk
# environment
MAKELEVEL := 0
# default
MAKE = $(MAKE_COMMAND)
# environment
PATH = /home/trusch/.nvm/versions/node/v16.13.2/bin:/home/trusch/bin:/home/trusch/go/bin:/home/trusch/.cargo/bin:/opt/google-cloud-sdk/bin:/opt/google-cloud-sdk/bin:/opt/google-cloud-sdk/bin:/usr/local/bin:/usr/bin:/usr/local/sbin:/opt/android-sdk/tools:/opt/android-sdk/tools/bin:/usr/lib/jvm/default/bin:/usr/bin/site_perl:/usr/bin/vendor_perl:/usr/bin/core_perl:/opt/android-sdk/tools:/opt/android-sdk/tools/bin:/usr/lib/jvm/default/bin:/opt/android-sdk/tools:/opt/android-sdk/tools/bin:/usr/lib/jvm/default/bin
# default
MAKEFILES := 
# environment
MOTD_SHOWN = pam
# automatic
^F = $(notdir $^)
# environment
INVOCATION_ID = 2a313ebff7ac4c91a36cbd9f1efcd3e3
# environment
VSCODE_LOG_NATIVE = false
# environment
USERNAME = trusch
# environment
GNOME_SETUP_DISPLAY = :1
# automatic
?F = $(notdir $?)
# environment
XDG_CURRENT_DESKTOP = GNOME
# environment
LS_COLORS = 
# automatic
+F = $(notdir $+)
# environment
LESS = -R
# environment
DESKTOP_SESSION = gnome
# environment
ORIGINAL_XDG_CURRENT_DESKTOP = GNOME
# 'override' directive
GNUMAKEFLAGS := 
# environment
LOGNAME = trusch
# environment
GIO_LAUNCHED_DESKTOP_FILE = /usr/share/applications/vscode.desktop
# makefile
.DEFAULT_GOAL := bin/kiltctl
# environment
SYSTEMD_EXEC_PID = 112243
# environment
EDITOR = emacsclient
# environment
DISPLAY = :0
# environment
USER = trusch
# default
MAKE_VERSION := 4.3
# 'override' directive
.SHELLSTATUS := 0
# environment
MANAGERPID = 1629
# environment
GIO_LAUNCHED_DESKTOP_FILE_PID = 115207
# environment
PAGER = less
# environment
_ = /usr/bin/make
# environment
XDG_RUNTIME_DIR = /run/user/1000
# environment
LC_CTYPE = 
# environment
NVM_CD_FLAGS = -q
# environment
JOURNAL_STREAM = 8:435056
# environment
XDG_SESSION_CLASS = user
# environment
VSCODE_AMD_ENTRYPOINT = vs/workbench/api/node/extensionHostProcess
# environment
HOME = /home/trusch
# environment
QT_IM_MODULE = ibus
# environment
CLOUDSDK_PYTHON_ARGS = -S
# environment
ELECTRON_RUN_AS_NODE = 1
# environment
VSCODE_IPC_HOOK = /run/user/1000/vscode-d3578ee0-1.68.1-main.sock
# default
.RECIPEPREFIX := 
# automatic
<F = $(notdir $<)
# default
SUFFIXES := 
# default
.FEATURES := target-specific order-only second-expansion else-if shortest-stem undefine oneshell nocomment grouped-target extra-prereqs archives jobserver output-sync check-symlink guile load
# environment
XDG_MENU_PREFIX = gnome-
# environment
GDMSESSION = gnome
# variable set hash-table stats:
# Load=113/1024=11%, Rehash=0, Collisions=7/146=5%

# Pattern-specific Variable Values

# No pattern-specific variable values.

# Directories

# . (device 39, inode 276055): 16 files, no impossibilities.

# 16 files, no impossibilities in 1 directories.

# Implicit Rules

# No implicit rules.

# Files

target/release/kiltctl: metadata.scale src/accounts.rs src/credentials.rs src/main.rs src/seeds.rs src/storage.rs src/chain.rs src/kilt.rs src/did.rs src/keys.rs
#  Implicit rule search has not been done.
#  Modification time never checked.
#  File has not been updated.
#  recipe to execute (from 'Makefile', line 8):
	cargo build --release

# Not a target:
src/credentials.rs:
#  Implicit rule search has not been done.
#  Modification time never checked.
#  File has not been updated.

# Not a target:
src/did.rs:
#  Implicit rule search has not been done.
#  Modification time never checked.
#  File has not been updated.

docs:
#  Implicit rule search has not been done.
#  Modification time never checked.
#  File has not been updated.
 
#  recipe to execute (from 'Makefile', line 18):
	cargo doc --open

# Not a target:
Makefile:
#  Implicit rule search has been done.
#  Last modified 2022-03-25 11:29:39.65769838
#  File has been updated.
#  Successfully updated.

# Not a target:
src/chain.rs:
#  Implicit rule search has not been done.
#  Modification time never checked.
#  File has not been updated.

bin/kiltctl: target/release/kiltctl
#  Implicit rule search has not been done.
#  Modification time never checked.
#  File has not been updated.
#  recipe to execute (from 'Makefile', line 4):
	mkdir -p bin 
	cp target/release/kiltctl bin/kiltctl

metadata.scale:
#  Implicit rule search has not been done.
#  Modification time never checked.
#  File has not been updated.
#  recipe to execute (from 'Makefile', line 21):
	echo '{"jsonrpc":"2.0","id":"1","method":"state_getMetadata"}' | \
		websocat -B 655350 $(CHAIN_URL) | \
		jq -r .result | \
		xxd -r -p \
		> metadata.scale

# Not a target:
.DEFAULT:
#  Implicit rule search has not been done.
#  Modification time never checked.
#  File has not been updated.

# Not a target:
src/kilt.rs:
#  Implicit rule search has not been done.
#  Modification time never checked.
#  File has not been updated.

# Not a target:
all:
#  Command line target.
#  Implicit rule search has been done.
#  File does not exist.
#  File has not been updated.

# Not a target:
src/seeds.rs:
#  Implicit rule search has not been done.
#  Modification time never checked.
#  File has not been updated.

# Not a target:
src/storage.rs:
#  Implicit rule search has not been done.
#  Modification time never checked.
#  File has not been updated.

test: metadata.scale
#  Implicit rule search has not been done.
#  Modification time never checked.
#  File has not been updated.
#  recipe to execute (from 'Makefile', line 11):
	cargo clippy
	cargo test

# Not a target:
src/keys.rs:
#  Implicit rule search has not been done.
#  Modification time never checked.
#  File has not been updated.

install: bin/kiltctl
#  Implicit rule search has not been done.
#  Modification time never checked.
#  File has not been updated.
#  recipe to execute (from 'Makefile', line 15):
	cp bin/kiltctl /usr/local/bin/kiltctl

# Not a target:
src/main.rs:
#  Implicit rule search has not been done.
#  Modification time never checked.
#  File has not been updated.

# Not a target:
src/accounts.rs:
#  Implicit rule search has not been done.
#  Modification time never checked.
#  File has not been updated.

# files hash-table stats:
# Load=19/1024=2%, Rehash=0, Collisions=0/44=0%
# VPATH Search Paths

# No 'vpath' search paths.

# No general ('VPATH' variable) search path.

# strcache buffers: 1 (0) / strings = 35 / storage = 380 B / avg = 10 B
# current buf: size = 8162 B / used = 380 B / count = 35 / avg = 10 B

# strcache performance: lookups = 50 / hit rate = 30%
# hash-table stats:
# Load=35/8192=0%, Rehash=0, Collisions=0/50=0%
# Finished Make data base on Tue Oct  4 10:24:13 2022

 
